{"level":"info","message":"Listening on port 3000","service":"user-service"}
{"level":"info","message":"Listening on port 3000","service":"back"}
{"level":"info","message":"Back-end application started on port 3000","service":"back"}
{"level":"info","message":"Back-end application started on port 3000","service":"back"}
{"level":"info","message":"Back-end application started on port 3000","service":"back"}
{"level":"info","message":"Back-end application started on port 3000","service":"back"}
{"level":"info","message":"Back-end application started on port 3000","service":"back"}
{"level":"info","message":"Back-end application started on port 3000","service":"back"}
{"level":"info","message":"Back-end application started on port 3000 !","service":"back"}
{"level":"info","message":"Back-end application started on port 3000 !!!!!!","service":"back"}
{"level":"info","message":"Back-end application started on port 3000 !!!!!!","service":"back"}
{"level":"info","message":"Back-end application started on port 3000 !!!!!!","service":"back"}
{"level":"info","message":"Back-end application started on port 3000 !!!!!!","service":"back"}
{"level":"info","message":"Back-end application started on port 3000 !!!!!!","service":"back"}
{"level":"info","message":"Back-end application started on port 3000 !!!!!!","service":"back"}
{"level":"info","message":"Back-end application started on port 3000","service":"back"}
{"level":"info","message":"Back-end application started on port 3000","service":"back"}
{"level":"info","message":"Back-end application started on port 3000","service":"back"}
{"level":"info","message":"Back-end application started on port 3000","service":"back"}
{"level":"info","message":"Back-end application started on port 3000","service":"back"}
{"level":"info","message":"Back-end application started on port 3000","service":"back"}
{"level":"info","message":"Back-end application started on port 3000","service":"back"}
{"level":"info","message":"Back-end application started on port 3000","service":"back"}
{"level":"info","message":"Back-end application started on port 3000","service":"back"}
{"level":"info","message":"Back-end application started on port 3000","service":"back"}
{"level":"info","message":"Back-end application started on port 3000","service":"back"}
{"level":"info","message":"Back-end application started on port 3000","service":"back"}
{"level":"info","message":"Back-end application started on port 3000","service":"back"}
{"level":"info","message":"Back-end application started on port 3000","service":"back"}
{"level":"info","message":"Back-end application started on port 3000","service":"back"}
{"level":"info","message":"Back-end application started on port 3000","service":"back"}
{"level":"info","message":"Back-end application started on port 3000","service":"back"}
{"level":"info","message":"Back-end application started on port 3000","service":"back"}
{"level":"info","message":"Back-end application started on port 3000","service":"back"}
{"level":"info","message":"Back-end application started on port 3000","service":"back"}
{"level":"info","message":"Back-end application started on port 3000","service":"back"}
{"level":"info","message":"Back-end application started on port 3000","service":"back"}
{"level":"info","message":"Back-end application started on port 3000","service":"back"}
{"level":"info","message":"Back-end application started on port 3000","service":"back"}
{"level":"info","message":"Back-end application started on port 3000","service":"back"}
{"level":"info","message":"Back-end application started on port 3000","service":"back"}
{"level":"info","message":"Back-end application started on port 3000","service":"back"}
{"level":"info","message":"Back-end application started on port 3000","service":"back"}
{"level":"info","message":"Back-end application started on port 3000","service":"back"}
{"level":"info","message":"Back-end application started on port 3000","service":"back"}
{"level":"info","message":"Back-end application started on port 3000","service":"back"}
{"level":"info","message":"Back-end application started on port 3000","service":"back"}
{"level":"info","message":"Back-end application started on port 3000","service":"back"}
{"level":"info","message":"Back-end application started on port 3000","service":"back"}
{"level":"info","message":"Back-end application started on port 3000","service":"back"}
{"level":"info","message":"Back-end application started on port 3000","service":"back"}
{"level":"info","message":"Back-end application started on port 3000","service":"back"}
{"level":"info","message":"Back-end application started on port 3000","service":"back"}
{"level":"info","message":"Back-end application started on port 3000","service":"back"}
{"level":"info","message":"Back-end application started on port 3000","service":"back"}
{"level":"info","message":"Back-end application started on port 3000","service":"back"}
{"level":"info","message":"Back-end application started on port 3000","service":"back"}
{"level":"info","message":"Back-end application started on port 3000","service":"back"}
{"level":"info","message":"Back-end application started on port 3000","service":"back"}
{"level":"info","message":"Back-end application started on port 3000","service":"back"}
{"level":"info","message":"Back-end application started on port 3000","service":"back"}
{"level":"info","message":"Back-end application started on port 3000","service":"back"}
{"level":"info","message":"Back-end application started on port 3000","service":"back"}
{"level":"info","message":"Back-end application started on port 3000","service":"back"}
{"level":"info","message":"Back-end application started on port 3000","service":"back"}
{"level":"info","message":"Back-end application started on port 3000","service":"back"}
{"level":"info","message":"Back-end application started on port 3000","service":"back"}
{"level":"info","message":"Back-end application started on port 3000","service":"back"}
{"level":"info","message":"Back-end application started on port 3000","service":"back"}
{"level":"info","message":"Back-end application started on port 3000","service":"back"}
{"level":"info","message":"Back-end application started on port 3000","service":"back"}
{"level":"info","message":"Back-end application started on port 3000","service":"back"}
{"level":"info","message":"Back-end application started on port 3000","service":"back"}
{"level":"info","message":"Back-end application started on port 3000","service":"back"}
{"level":"info","message":"Back-end application started on port 3000","service":"back"}
{"level":"info","message":"Back-end application started on port 3000","service":"back"}
{"level":"info","message":"Back-end application started on port 3000","service":"back"}
{"level":"info","message":"Back-end application started on port 3000","service":"back"}
{"level":"info","message":"Back-end application started on port 3000","service":"back"}
{"level":"info","message":"Back-end application started on port 3000","service":"back"}
{"level":"info","message":"Back-end application started on port 3000","service":"back"}
{"level":"info","message":"Back-end application started on port 3000","service":"back"}
{"level":"info","message":"Back-end application started on port 3000","service":"back"}
{"level":"info","message":"Back-end application started on port 3000","service":"back"}
{"level":"info","message":"Back-end application started on port 3000","service":"back"}
{"level":"info","message":"Back-end application started on port 3000","service":"back"}
{"level":"info","message":"Back-end application started on port 3000","service":"back"}
{"level":"info","message":"Back-end application started on port 3000","service":"back"}
{"level":"info","message":"Back-end application started on port 3000","service":"back"}
{"level":"info","message":"Back-end application started on port 3000","service":"back"}
{"level":"info","message":"Back-end application started on port 3000","service":"back"}
{"level":"info","message":"Back-end application started on port 3000","service":"back"}
{"level":"info","message":"Back-end application started on port 3000","service":"back"}
{"level":"info","message":"Back-end application started on port 3000","service":"back"}
{"level":"info","message":"Back-end application started on port 3000","service":"back"}
{"level":"info","message":"Back-end application started on port 3000","service":"back"}
{"level":"info","message":"Back-end application started on port 3000","service":"back"}
{"level":"info","message":"Back-end application started on port 3000","service":"back"}
{"level":"info","message":"Back-end application started on port 3000","service":"back"}
{"level":"info","message":"Back-end application started on port 3000","service":"back"}
{"level":"info","message":"Back-end application started on port 3000","service":"back"}
{"level":"info","message":"Back-end application started on port 3000","service":"back"}
{"level":"info","message":"Back-end application started on port 3000","service":"back"}
{"level":"info","message":"Back-end application started on port 3000","service":"back"}
{"level":"info","message":"Back-end application started on port 3000","service":"back"}
{"level":"info","message":"Back-end application started on port 3000","service":"back"}
{"level":"info","message":"Back-end application started on port 3000","service":"back"}
{"level":"info","message":"Back-end application started on port 3000","service":"back"}
{"level":"info","message":"Back-end application started on port 3000","service":"back"}
{"level":"info","message":"Back-end application started on port 3000","service":"back"}
{"level":"info","message":"Back-end application started on port 3000","service":"back"}
{"level":"info","message":"Back-end application started on port 3000","service":"back"}
{"level":"info","message":"Back-end application started on port 3000","service":"back"}
{"level":"info","message":"Back-end application started on port 3000","service":"back"}
{"level":"info","message":"Back-end application started on port 3000","service":"back"}
{"level":"info","message":"Back-end application started on port 3000","service":"back"}
{"level":"info","message":"Back-end application started on port 3000","service":"back"}
{"level":"info","message":"Back-end application started on port 3000","service":"back"}
{"level":"info","message":"Back-end application started on port 3000","service":"back"}
{"level":"info","message":"Back-end application started on port 3000","service":"back"}
{"level":"info","message":"Back-end application started on port 3000","service":"back"}
{"level":"info","message":"Back-end application started on port 3000","service":"back"}
